Unity Editor version:    2022.3.9f1 (ea401c316338)
Branch:                  2022.3/staging
Build type:              Release
Batch mode:              YES
macOS version:           Version 13.4.1 (Build 22F82)
Darwin version:          22.5.0
Architecture:            arm64
Running under Rosetta:   NO
Available memory:        16384 MB
Using pre-set license
Pro License: YES

COMMAND LINE ARGUMENTS:
/Applications/Unity/Hub/Editor/2022.3.9f1/Unity.app/Contents/MacOS/Unity
-adb2
-batchMode
-noUpm
-name
AssetImportWorker0
-projectPath
/Users/shuaixu/Documents/master/virtual reality in theory and  practice/helloar
-logFile
Logs/AssetImportWorker0.log
-srvPort
51669
Successfully changed project path to: /Users/shuaixu/Documents/master/virtual reality in theory and  practice/helloar
/Users/shuaixu/Documents/master/virtual reality in theory and  practice/helloar
[UnityMemory] Configuration Parameters - Can be set up in boot.config
    "memorysetup-bucket-allocator-granularity=16"
    "memorysetup-bucket-allocator-bucket-count=8"
    "memorysetup-bucket-allocator-block-size=33554432"
    "memorysetup-bucket-allocator-block-count=8"
    "memorysetup-main-allocator-block-size=16777216"
    "memorysetup-thread-allocator-block-size=16777216"
    "memorysetup-gfx-main-allocator-block-size=16777216"
    "memorysetup-gfx-thread-allocator-block-size=16777216"
    "memorysetup-cache-allocator-block-size=4194304"
    "memorysetup-typetree-allocator-block-size=2097152"
    "memorysetup-profiler-bucket-allocator-granularity=16"
    "memorysetup-profiler-bucket-allocator-bucket-count=8"
    "memorysetup-profiler-bucket-allocator-block-size=33554432"
    "memorysetup-profiler-bucket-allocator-block-count=8"
    "memorysetup-profiler-allocator-block-size=16777216"
    "memorysetup-profiler-editor-allocator-block-size=1048576"
    "memorysetup-temp-allocator-size-main=16777216"
    "memorysetup-job-temp-allocator-block-size=2097152"
    "memorysetup-job-temp-allocator-block-size-background=1048576"
    "memorysetup-job-temp-allocator-reduction-small-platforms=262144"
    "memorysetup-allocator-temp-initial-block-size-main=262144"
    "memorysetup-allocator-temp-initial-block-size-worker=262144"
    "memorysetup-temp-allocator-size-background-worker=32768"
    "memorysetup-temp-allocator-size-job-worker=262144"
    "memorysetup-temp-allocator-size-preload-manager=33554432"
    "memorysetup-temp-allocator-size-nav-mesh-worker=65536"
    "memorysetup-temp-allocator-size-audio-worker=65536"
    "memorysetup-temp-allocator-size-cloud-worker=32768"
    "memorysetup-temp-allocator-size-gi-baking-worker=262144"
    "memorysetup-temp-allocator-size-gfx=262144"
Player connection [8580095488] Host "[IP] 10.8.123.255 [Port] 0 [Flags] 2 [Guid] 2365988519 [EditorId] 2365988519 [Version] 1048832 [Id] OSXEditor(0,shuais-MacBook-Pro.local) [Debug] 1 [PackageName] OSXEditor [ProjectName] Editor" joined multi-casting on [225.0.0.222:54997]...

Player connection [8580095488] Host "[IP] 10.8.123.255 [Port] 0 [Flags] 2 [Guid] 2365988519 [EditorId] 2365988519 [Version] 1048832 [Id] OSXEditor(0,shuais-MacBook-Pro.local) [Debug] 1 [PackageName] OSXEditor [ProjectName] Editor" joined alternative multi-casting on [225.0.0.222:34997]...

[Physics::Module] Initialized MultithreadedJobDispatcher with 9 workers.
Refreshing native plugins compatible for Editor in 21.40 ms, found 10 plugins.
Preloading 0 native plugins for Editor in 0.00 ms.
Initialize engine version: 2022.3.9f1 (ea401c316338)
[Subsystems] Discovering subsystems at path /Applications/Unity/Hub/Editor/2022.3.9f1/Unity.app/Contents/Resources/UnitySubsystems
[Subsystems] Discovering subsystems at path /Users/shuaixu/Documents/master/virtual reality in theory and  practice/helloar/Assets
GfxDevice: creating device client; threaded=0; jobified=0
 preferred device: Apple M1 Pro (high power)
Metal devices available: 1
0: Apple M1 Pro (high power)
Using device Apple M1 Pro (high power)
Initializing Metal device caps: Apple M1 Pro
Initialize mono
Mono path[0] = '/Applications/Unity/Hub/Editor/2022.3.9f1/Unity.app/Contents/Managed'
Mono path[1] = '/Applications/Unity/Hub/Editor/2022.3.9f1/Unity.app/Contents/MonoBleedingEdge/lib/mono/unityjit-macos'
Mono config path = '/Applications/Unity/Hub/Editor/2022.3.9f1/Unity.app/Contents/MonoBleedingEdge/etc'
Using monoOptions --debugger-agent=transport=dt_socket,embedding=1,server=y,suspend=n,address=127.0.0.1:56038
Begin MonoManager ReloadAssembly
Registering precompiled unity dll's ...
Register platform support module: /Applications/Unity/Hub/Editor/2022.3.9f1/Unity.app/Contents/PlaybackEngines/MacStandaloneSupport/UnityEditor.OSXStandalone.Extensions.dll
Register platform support module: /Applications/Unity/Hub/Editor/2022.3.9f1/PlaybackEngines/iOSSupport/UnityEditor.iOS.Extensions.dll
Registered in 0.003927 seconds.
- Loaded All Assemblies, in  0.236 seconds
[usbmuxd] Start listen thread
[usbmuxd] Listen thread started
[usbmuxd] Send listen message
[usbmuxd] Attached: 14 00008103-0019649C14F0801E
Native extension for iOS target not found
Native extension for OSXStandalone target not found
Mono: successfully reloaded assembly
- Finished resetting the current domain, in  0.209 seconds
Domain Reload Profiling: 444ms
	BeginReloadAssembly (75ms)
		ExecutionOrderSort (0ms)
		DisableScriptedObjects (0ms)
		BackupInstance (0ms)
		ReleaseScriptingObjects (0ms)
		CreateAndSetChildDomain (0ms)
	RebuildCommonClasses (24ms)
	RebuildNativeTypeToScriptingClass (8ms)
	initialDomainReloadingComplete (33ms)
	LoadAllAssembliesAndSetupDomain (96ms)
		LoadAssemblies (75ms)
		RebuildTransferFunctionScriptingTraits (0ms)
		AnalyzeDomain (95ms)
			TypeCache.Refresh (94ms)
				TypeCache.ScanAssembly (85ms)
			ScanForSourceGeneratedMonoScriptInfo (0ms)
			ResolveRequiredComponents (0ms)
	FinalizeReload (209ms)
		ReleaseScriptCaches (0ms)
		RebuildScriptCaches (0ms)
		SetupLoadedEditorAssemblies (172ms)
			LogAssemblyErrors (0ms)
			InitializePlatformSupportModulesInManaged (73ms)
			SetLoadedEditorAssemblies (3ms)
			RefreshPlugins (0ms)
			BeforeProcessingInitializeOnLoad (1ms)
			ProcessInitializeOnLoadAttributes (71ms)
			ProcessInitializeOnLoadMethodAttributes (24ms)
			AfterProcessingInitializeOnLoad (0ms)
			EditorAssembliesLoaded (0ms)
		ExecutionOrderSort2 (0ms)
		AwakeInstancesAfterBackupRestoration (0ms)
========================================================================
Worker process is ready to serve import requests
Begin MonoManager ReloadAssembly
- Loaded All Assemblies, in  0.445 seconds
Refreshing native plugins compatible for Editor in 4.29 ms, found 10 plugins.
Native extension for iOS target not found
Native extension for OSXStandalone target not found
Package Manager log level set to [2]
[Package Manager] Server::EnsureServerProcessIsRunning -- launch failed, reason: Unity was launched with the -noUpm command-line argument
[Package Manager] UpmClient::Send -- Unable to send message (not connected to UPM process).
[Package Manager] Cannot connect to Unity Package Manager local server
[Package Manager] Server::EnsureServerProcessIsRunning -- launch failed, reason: Unity was launched with the -noUpm command-line argument
[Package Manager] UpmClient::Send -- Unable to send message (not connected to UPM process).
[Package Manager] Cannot connect to Unity Package Manager local server
Mono: successfully reloaded assembly
[Package Manager] Server::EnsureServerProcessIsRunning -- launch failed, reason: Unity was launched with the -noUpm command-line argument
[Package Manager] UpmClient::Send -- Unable to send message (not connected to UPM process).
[Package Manager] Cannot connect to Unity Package Manager local server
[Package Manager] Server::EnsureServerProcessIsRunning -- launch failed, reason: Unity was launched with the -noUpm command-line argument
[Package Manager] UpmClient::Send -- Unable to send message (not connected to UPM process).
[Package Manager] Cannot connect to Unity Package Manager local server
- Finished resetting the current domain, in  0.506 seconds
Domain Reload Profiling: 951ms
	BeginReloadAssembly (77ms)
		ExecutionOrderSort (0ms)
		DisableScriptedObjects (3ms)
		BackupInstance (0ms)
		ReleaseScriptingObjects (0ms)
		CreateAndSetChildDomain (17ms)
	RebuildCommonClasses (22ms)
	RebuildNativeTypeToScriptingClass (8ms)
	initialDomainReloadingComplete (20ms)
	LoadAllAssembliesAndSetupDomain (317ms)
		LoadAssemblies (217ms)
		RebuildTransferFunctionScriptingTraits (0ms)
		AnalyzeDomain (136ms)
			TypeCache.Refresh (121ms)
				TypeCache.ScanAssembly (105ms)
			ScanForSourceGeneratedMonoScriptInfo (10ms)
			ResolveRequiredComponents (4ms)
	FinalizeReload (506ms)
		ReleaseScriptCaches (0ms)
		RebuildScriptCaches (0ms)
		SetupLoadedEditorAssemblies (412ms)
			LogAssemblyErrors (0ms)
			InitializePlatformSupportModulesInManaged (13ms)
			SetLoadedEditorAssemblies (2ms)
			RefreshPlugins (0ms)
			BeforeProcessingInitializeOnLoad (40ms)
			ProcessInitializeOnLoadAttributes (211ms)
			ProcessInitializeOnLoadMethodAttributes (144ms)
			AfterProcessingInitializeOnLoad (1ms)
			EditorAssembliesLoaded (0ms)
		ExecutionOrderSort2 (0ms)
		AwakeInstancesAfterBackupRestoration (2ms)
Launching external process: /Applications/Unity/Hub/Editor/2022.3.9f1/Unity.app/Contents/Tools/UnityShaderCompiler
Launched and connected shader compiler UnityShaderCompiler after 0.05 seconds
Refreshing native plugins compatible for Editor in 4.30 ms, found 10 plugins.
Preloading 0 native plugins for Editor in 0.00 ms.
Unloading 4736 Unused Serialized files (Serialized files now loaded: 0)
Unloading 95 unused Assets / (1.5 MB). Loaded Objects now: 5176.
Memory consumption went from 166.2 MB to 164.8 MB.
Total: 3.299833 ms (FindLiveObjects: 0.135250 ms CreateObjectMapping: 0.062875 ms MarkObjects: 2.606000 ms  DeleteObjects: 0.494916 ms)

AssetImportParameters requested are different than current active one (requested -> active):
  custom:container-demuxer-ogg: 62fdf1f143b41e24485cea50d1cbac27 -> 
  custom:video-decoder-ogg-theora: a1e56fd34408186e4bbccfd4996cb3dc -> 
  custom:CustomObjectIndexerAttribute: 756ad292c208cfabdd7b50bc23989ffe -> 
  custom:container-demuxer-webm: 4f35f7cbe854078d1ac9338744f61a02 -> 
  custom:container-muxer-webm: aa71ff27fc2769a1b78a27578f13a17b -> 
  custom:video-decoder-webm-vp8: 9c59270c3fd7afecdb556c50c9e8de78 -> 
  custom:SearchIndexIgnoredProperties: e643bd26f0fe6173181afceb89e7c659 -> 
  custom:AudioImporter_EditorPlatform: 3918e3fc78b5a79bad01e8451be0beb8 -> 
  custom:framework-osx-AVFoundation: e770b220cccbd017edd2c1fefb359320 -> 
  custom:video-encoder-webm-vp8: eb34c28f22e8b96e1ab97ce403110664 -> 
  custom:audio-decoder-ogg-vorbis: bf7c407c2cedff20999df2af8eb42d56 -> 
  custom:audio-encoder-webm-vorbis: bf7c407c2cedff20999df2af8eb42d56 -> 
========================================================================
Received Import Request.
  Time since last request: 74616.801513 seconds.
  path: Assets/DogKnight/Scene
  artifactKey: Guid(169044d5b44cadd40949a7ac78a33176) Importer(815301076,1909f56bfc062723c751e8b465ee728b)
Start importing Assets/DogKnight/Scene using Guid(169044d5b44cadd40949a7ac78a33176) Importer(815301076,1909f56bfc062723c751e8b465ee728b)  -> (artifact id: '22c25ce970df29d088461bba08186175') in 0.001311 seconds
Number of updated asset objects reloaded before import = 0
Number of asset objects unloaded after import = 0
========================================================================
Received Import Request.
  Time since last request: 36.732989 seconds.
  path: Assets/DogKnight/Animations/Attack01.anim
  artifactKey: Guid(6019f1b4a095b0b4396f5561a51fee89) Importer(815301076,1909f56bfc062723c751e8b465ee728b)
Start importing Assets/DogKnight/Animations/Attack01.anim using Guid(6019f1b4a095b0b4396f5561a51fee89) Importer(815301076,1909f56bfc062723c751e8b465ee728b)  -> (artifact id: '1f981a9dc7628e7806696a9bbdf6859b') in 0.010539 seconds
Number of updated asset objects reloaded before import = 0
Number of asset objects unloaded after import = 1
========================================================================
Received Import Request.
  Time since last request: 0.794177 seconds.
  path: Assets/DogKnight/Animations/Attack02.anim
  artifactKey: Guid(eccbae3cfc77ad245ade46e143aa3200) Importer(815301076,1909f56bfc062723c751e8b465ee728b)
Start importing Assets/DogKnight/Animations/Attack02.anim using Guid(eccbae3cfc77ad245ade46e143aa3200) Importer(815301076,1909f56bfc062723c751e8b465ee728b)  -> (artifact id: 'a9f31e405beb5acfd8ebae04479b46b5') in 0.008157 seconds
Number of updated asset objects reloaded before import = 0
Number of asset objects unloaded after import = 1
========================================================================
Received Import Request.
  Time since last request: 0.821180 seconds.
  path: Assets/DogKnight/Animations/Defend.anim
  artifactKey: Guid(cf357b5409b4ad54a82c45d7684564e1) Importer(815301076,1909f56bfc062723c751e8b465ee728b)
Start importing Assets/DogKnight/Animations/Defend.anim using Guid(cf357b5409b4ad54a82c45d7684564e1) Importer(815301076,1909f56bfc062723c751e8b465ee728b)  -> (artifact id: '14f736135cab33df91a2690d4dbcabd0') in 0.005182 seconds
Number of updated asset objects reloaded before import = 0
Number of asset objects unloaded after import = 1
========================================================================
Received Import Request.
  Time since last request: 0.787158 seconds.
  path: Assets/DogKnight/Animations/Die.anim
  artifactKey: Guid(5d190d8211c88a64281f7b90c69f3eb3) Importer(815301076,1909f56bfc062723c751e8b465ee728b)
Start importing Assets/DogKnight/Animations/Die.anim using Guid(5d190d8211c88a64281f7b90c69f3eb3) Importer(815301076,1909f56bfc062723c751e8b465ee728b)  -> (artifact id: '80bd2ba3da2ee64c24daecb10ae62227') in 0.009461 seconds
Number of updated asset objects reloaded before import = 0
Number of asset objects unloaded after import = 1
========================================================================
Received Import Request.
  Time since last request: 0.581072 seconds.
  path: Assets/DogKnight/Animations/DieRecover.anim
  artifactKey: Guid(4a3671dbe6670524b8b6d9ad3664c179) Importer(815301076,1909f56bfc062723c751e8b465ee728b)
Start importing Assets/DogKnight/Animations/DieRecover.anim using Guid(4a3671dbe6670524b8b6d9ad3664c179) Importer(815301076,1909f56bfc062723c751e8b465ee728b)  -> (artifact id: '0b2e9849b63ba03dbce45513428cb075') in 0.009262 seconds
Number of updated asset objects reloaded before import = 0
Number of asset objects unloaded after import = 1
========================================================================
Received Import Request.
  Time since last request: 0.554698 seconds.
  path: Assets/DogKnight/Animations/Dizzy.anim
  artifactKey: Guid(30d4fe7af77240a44b9354aaed8e5beb) Importer(815301076,1909f56bfc062723c751e8b465ee728b)
Start importing Assets/DogKnight/Animations/Dizzy.anim using Guid(30d4fe7af77240a44b9354aaed8e5beb) Importer(815301076,1909f56bfc062723c751e8b465ee728b)  -> (artifact id: '1a1ba08af3ed3ad6d6918dec830a96ac') in 0.006639 seconds
Number of updated asset objects reloaded before import = 0
Number of asset objects unloaded after import = 1
========================================================================
Received Import Request.
  Time since last request: 0.522052 seconds.
  path: Assets/DogKnight/Animations/GetHit.anim
  artifactKey: Guid(1588532e68f51a040bda71c68cfab177) Importer(815301076,1909f56bfc062723c751e8b465ee728b)
Start importing Assets/DogKnight/Animations/GetHit.anim using Guid(1588532e68f51a040bda71c68cfab177) Importer(815301076,1909f56bfc062723c751e8b465ee728b)  -> (artifact id: '5574ac24bb86f35b08ec39198441b241') in 0.007569 seconds
Number of updated asset objects reloaded before import = 0
Number of asset objects unloaded after import = 1
========================================================================
Received Import Request.
  Time since last request: 0.507128 seconds.
  path: Assets/DogKnight/Animations/Idle_Battle.anim
  artifactKey: Guid(b79ff7bb68348be479d3db6b7fe8a569) Importer(815301076,1909f56bfc062723c751e8b465ee728b)
Start importing Assets/DogKnight/Animations/Idle_Battle.anim using Guid(b79ff7bb68348be479d3db6b7fe8a569) Importer(815301076,1909f56bfc062723c751e8b465ee728b)  -> (artifact id: 'd4c7e207eab33d7c06fa3a561b56298d') in 0.005115 seconds
Number of updated asset objects reloaded before import = 0
Number of asset objects unloaded after import = 1
========================================================================
Received Import Request.
  Time since last request: 0.512446 seconds.
  path: Assets/DogKnight/Animations/RunForwardBattle.anim
  artifactKey: Guid(9f0e03164414016409d28995a128ba98) Importer(815301076,1909f56bfc062723c751e8b465ee728b)
Start importing Assets/DogKnight/Animations/RunForwardBattle.anim using Guid(9f0e03164414016409d28995a128ba98) Importer(815301076,1909f56bfc062723c751e8b465ee728b)  -> (artifact id: '0ec7bca44e2c9917c88d0b0aa64bb8f4') in 0.007954 seconds
Number of updated asset objects reloaded before import = 0
Number of asset objects unloaded after import = 1
========================================================================
Received Import Request.
  Time since last request: 7.440367 seconds.
  path: Assets/DogKnight/Material/PBR.mat
  artifactKey: Guid(da05e49adf02c134f88f541992ee78d2) Importer(815301076,1909f56bfc062723c751e8b465ee728b)
Start importing Assets/DogKnight/Material/PBR.mat using Guid(da05e49adf02c134f88f541992ee78d2) Importer(815301076,1909f56bfc062723c751e8b465ee728b)  -> (artifact id: 'c1374b39ac98c63fdc3f68e66c9c542a') in 0.083809 seconds
Number of updated asset objects reloaded before import = 0
Number of asset objects unloaded after import = 5
========================================================================
Received Import Request.
  Time since last request: 0.000044 seconds.
  path: Assets/DogKnight/Material/Skybox_Mat.mat
  artifactKey: Guid(5f62bea3b5185c2488588e50d05df87f) Importer(815301076,1909f56bfc062723c751e8b465ee728b)
Start importing Assets/DogKnight/Material/Skybox_Mat.mat using Guid(5f62bea3b5185c2488588e50d05df87f) Importer(815301076,1909f56bfc062723c751e8b465ee728b)  -> (artifact id: '3f1bfb3562d906fc7fa91a6b90e4c07b') in 0.047473 seconds
Number of updated asset objects reloaded before import = 0
Number of asset objects unloaded after import = 1
========================================================================
Received Import Request.
  Time since last request: 5.738110 seconds.
  path: Assets/DogKnight/Texture/AO.png
  artifactKey: Guid(ab3e8c0e82b3db8429abc130ac9e62d5) Importer(815301076,1909f56bfc062723c751e8b465ee728b)
Start importing Assets/DogKnight/Texture/AO.png using Guid(ab3e8c0e82b3db8429abc130ac9e62d5) Importer(815301076,1909f56bfc062723c751e8b465ee728b)  -> (artifact id: '7512cf22264ce4c78651e0e2113d0aed') in 0.018183 seconds
Number of updated asset objects reloaded before import = 0
Number of asset objects unloaded after import = 2
========================================================================
Received Import Request.
  Time since last request: 0.000168 seconds.
  path: Assets/DogKnight/Texture/Normal.png
  artifactKey: Guid(fe860d9813d9fba43a6db2f1dc9d2044) Importer(815301076,1909f56bfc062723c751e8b465ee728b)
Start importing Assets/DogKnight/Texture/Normal.png using Guid(fe860d9813d9fba43a6db2f1dc9d2044) Importer(815301076,1909f56bfc062723c751e8b465ee728b)  -> (artifact id: '5fdcdc210dcc139b3f1c661d0c626975') in 0.048370 seconds
Number of updated asset objects reloaded before import = 0
Number of asset objects unloaded after import = 2
